<?xml version="1.0" encoding="UTF-8"?>
<!-- Generated by org.testng.reporters.JUnitXMLReporter -->
<testsuite ignored="0" hostname="DESKTOP-9RLCIRO" failures="2" tests="2" name="Test99GuruLogin" time="9.395" errors="0" timestamp="2025-06-27T22:30:29 IST">
  <testcase classname="test.com.Test99GuruLogin" name="setup" time="9.212">
    <failure type="java.lang.NullPointerException">
      <![CDATA[java.lang.NullPointerException
at java.base/java.util.Objects.requireNonNull(Objects.java:220)
at java.base/java.util.ImmutableCollections$Map1.<init>(ImmutableCollections.java:1114)
at java.base/java.util.Map.of(Map.java:1364)
at org.openqa.selenium.remote.DriverCommand.GET(DriverCommand.java:177)
at org.openqa.selenium.remote.RemoteWebDriver.get(RemoteWebDriver.java:313)
at test.com.Test99GuruLogin.setup(Test99GuruLogin.java:30)
at java.base/java.util.ArrayList.forEach(ArrayList.java:1597)
... Removed 25 stack frames]]>
    </failure>
  </testcase> <!-- setup -->
  <testcase classname="test.com.Test99GuruLogin" name="test_Home_Page_Appear_Correct" time="0.067">
    <failure type="java.lang.IllegalArgumentException" message="Keys to send should be a not null CharSequence">
      <![CDATA[java.lang.IllegalArgumentException: Keys to send should be a not null CharSequence
at org.openqa.selenium.remote.RemoteWebElement.sendKeys(RemoteWebElement.java:96)
at pages.com.Guru99Login.setUserName(Guru99Login.java:19)
at pages.com.Guru99Login.loginToGuru99(Guru99Login.java:44)
at test.com.Test99GuruLogin.test_Home_Page_Appear_Correct(Test99GuruLogin.java:48)
at java.base/java.util.ArrayList.forEach(ArrayList.java:1597)
... Removed 25 stack frames]]>
    </failure>
  </testcase> <!-- test_Home_Page_Appear_Correct -->
</testsuite> <!-- Test99GuruLogin -->
